<?xml version="1.0" encoding="UTF-8"?>
<testsuites name="LoginSuite" time="22.853" tests="1" failures="0" errors="0">
   <testsuite name="LoginSuite" tests="1" failures="0" errors="0" time="22.853" skipped="0" timestamp="01-12-2024T23:00:28" hostname="Grace - DESKTOP-RKFO49S" id="Test Suites/LoginSuite">
      <properties>
         <property name="deviceName" value=""/>
         <property name="devicePlatform"/>
         <property name="logFolder" value="C:\\Users\\Grace\\Katalon Studio\\nopCommerce_test_automation\\Reports\\20241201_230015\\LoginSuite\\20241201_230015"/>
         <property name="logFiles" value="C:\\Users\\Grace\\Katalon Studio\\nopCommerce_test_automation\\Reports\\20241201_230015\\LoginSuite\\20241201_230015\\execution0.log"/>
         <property name="attachments" value=""/>
         <property name="hostName" value="Grace - DESKTOP-RKFO49S"/>
         <property name="os" value="Windows 10 64bit"/>
         <property name="katalonVersion" value="10.0.0.223"/>
         <property name="browser" value="Chrome 131.0.0.0"/>
         <property name="hostAddress" value="192.168.118.1"/>
         <property name="sessionId" value="cb92815c1b67dd12dc285f8a2f8a22d2"/>
         <property name="seleniumVersion" value="4.22.0"/>
         <property name="proxyInformation" value="ProxyInformation { proxyOption=NO_PROXY, proxyServerType=HTTP, username=, password=********, proxyServerAddress=, proxyServerPort=0, executionList=&quot;&quot;, isApplyToDesiredCapabilities=true }"/>
         <property name="platform" value="Windows 10"/>
      </properties>
      <testcase name="Test Cases/LoginTest" time="22.236" classname="Test Cases/LoginTest" status="PASSED">
         <system-out><![CDATA[01-12-2024T23:00:29 - [TEST_CASE][PASSED] - Test Cases/LoginTest: Test Cases/LoginTest

01-12-2024T23:00:30 - [TEST_STEP][PASSED] - openBrowser(""): Browser is opened with url: ''

01-12-2024T23:00:31 - [MESSAGE][INFO] - Starting 'Chrome' driver

01-12-2024T23:00:31 - [MESSAGE][INFO] - Action delay is set to 0 milliseconds

01-12-2024T23:00:36 - [MESSAGE][PASSED] - Browser is opened with url: ''

01-12-2024T23:00:36 - [TEST_STEP][PASSED] - navigateToUrl("https://katalon-demo-cura.herokuapp.com/"): Navigate to 'https://katalon-demo-cura.herokuapp.com/' successfully

01-12-2024T23:00:38 - [MESSAGE][PASSED] - Navigate to 'https://katalon-demo-cura.herokuapp.com/' successfully

01-12-2024T23:00:38 - [TEST_STEP][PASSED] - click(findTestObject("Object Repository/Page_CURA Healthcare Service/a_Make Appointment")): Object: 'Object Repository/Page_CURA Healthcare Service/a_Make Appointment' is clicked on

01-12-2024T23:00:43 - [MESSAGE][PASSED] - Object: 'Object Repository/Page_CURA Healthcare Service/a_Make Appointment' is clicked on

01-12-2024T23:00:43 - [TEST_STEP][PASSED] - click(findTestObject("Object Repository/Page_CURA Healthcare Service/button_Login")): Object: 'Object Repository/Page_CURA Healthcare Service/button_Login' is clicked on

01-12-2024T23:00:44 - [MESSAGE][PASSED] - Object: 'Object Repository/Page_CURA Healthcare Service/button_Login' is clicked on

01-12-2024T23:00:44 - [TEST_STEP][PASSED] - setText(findTestObject("Object Repository/Page_CURA Healthcare Service/input_Username_username"), "John Doe"): Text 'John Doe' is set on object 'Object Repository/Page_CURA Healthcare Service/input_Username_username'

01-12-2024T23:00:45 - [MESSAGE][PASSED] - Text 'John Doe' is set on object 'Object Repository/Page_CURA Healthcare Service/input_Username_username'

01-12-2024T23:00:45 - [TEST_STEP][PASSED] - setEncryptedText(findTestObject("Object Repository/Page_CURA Healthcare Service/input_Password_password"), "g3/DOGG74jC3Flrr3yH+3D/yKbOqqUNM"): Text ****** has been set on object 'Object Repository/Page_CURA Healthcare Service/input_Password_password'

01-12-2024T23:00:46 - [MESSAGE][PASSED] - Text ****** has been set on object 'Object Repository/Page_CURA Healthcare Service/input_Password_password'

01-12-2024T23:00:46 - [TEST_STEP][PASSED] - click(findTestObject("Object Repository/Page_CURA Healthcare Service/button_Login")): Object: 'Object Repository/Page_CURA Healthcare Service/button_Login' is clicked on

01-12-2024T23:00:48 - [MESSAGE][PASSED] - Object: 'Object Repository/Page_CURA Healthcare Service/button_Login' is clicked on

01-12-2024T23:00:48 - [TEST_STEP][PASSED] - click(findTestObject("Object Repository/Page_CURA Healthcare Service/button_Book Appointment")): Object: 'Object Repository/Page_CURA Healthcare Service/button_Book Appointment' is clicked on

01-12-2024T23:00:48 - [MESSAGE][PASSED] - Object: 'Object Repository/Page_CURA Healthcare Service/button_Book Appointment' is clicked on

01-12-2024T23:00:48 - [TEST_STEP][PASSED] - click(findTestObject("Object Repository/Page_CURA Healthcare Service/span_Visit Date (Required)_glyphicon glyphi_cada34")): Object: 'Object Repository/Page_CURA Healthcare Service/span_Visit Date (Required)_glyphicon glyphi_cada34' is clicked on

01-12-2024T23:00:49 - [MESSAGE][PASSED] - Object: 'Object Repository/Page_CURA Healthcare Service/span_Visit Date (Required)_glyphicon glyphi_cada34' is clicked on

01-12-2024T23:00:49 - [TEST_STEP][PASSED] - click(findTestObject("Object Repository/Page_CURA Healthcare Service/td_18")): Object: 'Object Repository/Page_CURA Healthcare Service/td_18' is clicked on

01-12-2024T23:00:50 - [MESSAGE][PASSED] - Object: 'Object Repository/Page_CURA Healthcare Service/td_18' is clicked on

01-12-2024T23:00:50 - [TEST_STEP][PASSED] - setText(findTestObject("Object Repository/Page_CURA Healthcare Service/textarea_Comment_comment"), "hello"): Text 'hello' is set on object 'Object Repository/Page_CURA Healthcare Service/textarea_Comment_comment'

01-12-2024T23:00:50 - [MESSAGE][PASSED] - Text 'hello' is set on object 'Object Repository/Page_CURA Healthcare Service/textarea_Comment_comment'

01-12-2024T23:00:50 - [TEST_STEP][PASSED] - click(findTestObject("Object Repository/Page_CURA Healthcare Service/button_Book Appointment")): Object: 'Object Repository/Page_CURA Healthcare Service/button_Book Appointment' is clicked on

01-12-2024T23:00:51 - [MESSAGE][PASSED] - Object: 'Object Repository/Page_CURA Healthcare Service/button_Book Appointment' is clicked on]]></system-out>
         <system-err><![CDATA[]]></system-err>
      </testcase>
      <system-out><![CDATA[01-12-2024T23:00:28 - [TEST_SUITE][PASSED] - LoginSuite: Test Cases/LoginTest]]></system-out>
      <system-err><![CDATA[]]></system-err>
   </testsuite>
</testsuites>
